<?xml version="1.0" encoding="UTF-8"?>
<testng-results ignored="0" total="2" passed="2" failed="0" skipped="0">
  <reporter-output>
  </reporter-output>
  <suite started-at="2021-07-26T18:27:40 PET" name="Surefire suite" finished-at="2021-07-26T18:27:40 PET" duration-ms="74">
    <groups>
    </groups>
    <test started-at="2021-07-26T18:27:40 PET" name="Surefire test" finished-at="2021-07-26T18:27:40 PET" duration-ms="74">
      <class name="test.AppTest">
        <test-method signature="test01()[pri:0, instance:test.AppTest@68217d41]" started-at="2021-07-26T18:27:40 PET" name="test01" finished-at="2021-07-26T18:27:40 PET" duration-ms="18" status="PASS">
          <reporter-output>
          </reporter-output>
        </test-method> <!-- test01 -->
        <test-method signature="test02()[pri:0, instance:test.AppTest@68217d41]" started-at="2021-07-26T18:27:40 PET" name="test02" finished-at="2021-07-26T18:27:40 PET" duration-ms="0" status="PASS">
          <reporter-output>
          </reporter-output>
        </test-method> <!-- test02 -->
      </class> <!-- test.AppTest -->
    </test> <!-- Surefire test -->
  </suite> <!-- Surefire suite -->
</testng-results>
